82
18 14
35169 55842 69057 52395 64396 74125 80302 29586 74997 75224 56601 73308 98878 52255
53 11
67042 1061 60488 45897 61098 2478 42293 70968 56156 27198 19871
111 14
20320 55457 45472 79430 38153 70445 78382 40466 61427 15253 1559 8792 1692 97759
115 10
15264 55235 5443 60419 76397 96238 99249 58775 50746 44635
122 10
70053 13385 98090 55902 89613 78834 37843 47800 12344 22078
198 13
37953 3333 36870 79943 40934 42091 9872 11316 19029 64023 86139 46140 38878
479 12
95650 77731 15780 95716 98692 90023 15992 31568 13011 9176 65438 4191
587 12
55872 56129 95174 5159 14665 89899 9451 79343 80208 53810 73207 43069
627 20
6016 47618 17668 39432 41993 38799 75802 60962 20137 18989 61874 60226 74570 92874 52170 76493 49106 94802 13907 46427
650 14
68353 88226 18275 60100 44740 78383 61008 50898 78483 26135 68345 4701 33694 59551
806 13
93536 77280 81762 68168 61355 43249 43442 71891 59283 91541 82846 2074 25022
1004 12
87426 71234 62479 71759 99535 77426 19231 7509 40950 24346 70011 2399
1023 14
89160 97098 43370 10828 55186 94739 97587 30515 85591 61112 27354 9084 83452 99039
1045 20
63622 54028 41485 49560 77344 29992 38313 91949 43439 90560 87873 17105 44114 39892 20566 95978 20595 56316 21886 25087
1161 11
35684 41509 57095 24904 83258 31630 17614 6615 47289 45754 50715
1549 11
47431 36648 52007 52239 39536 25013 98461 78457 92602 5245 61854
1559 13
51878 48838 52328 13735 44809 21448 57844 83093 49428 32310 94008 90715 91615
1634 15
75776 18305 5282 2981 774 42058 48779 57740 90605 69902 36241 87092 24468 34392 15323
1760 10
82880 40929 5901 14830 49620 46805 22422 58487 28953 39132
1800 12
81760 62440 97417 88329 37546 39404 51532 29997 31341 24025 62554 75484
1864 13
78112 18625 96511 34568 35086 54703 46864 43957 94551 52248 33943 22717 30623
1949 20
1416 98832 82966 41367 18968 5658 24096 77607 46254 75188 2883 21318 29512 7767 71256 63589 99686 52845 99572 96757
2006 13
94498 96323 36998 42790 16873 75657 96719 42447 79411 27157 20664 3964 88446
2143 12
21511 79592 18889 87144 28330 67372 86761 98833 17145 34395 21501 15678
2297 17
32352 48161 20451 19238 74118 54343 5511 67018 42504 44219 70960 72402 26037 34902 98491 6718 61759
2346 11
90784 3616 75265 38852 62638 23022 22001 2355 90132 33916 5214
2359 15
60259 9508 12451 20678 30503 52615 63497 19053 78319 55889 85810 14067 28632 83803 98686
2380 12
42369 6118 96137 11146 65802 29106 37395 83028 12664 90457 75099 11550
2610 20
74761 7820 66708 89240 39325 30494 48043 11071 65479 52297 71113 4174 49113 10458 25060 1382 77032 48745 53356 61304
2732 14
55683 48868 58308 12612 96872 45352 30026 17453 61549 34513 98643 60437 32601 16158
2863 9
30562 11046 70638 51663 19056 855 72313 58684 99870
2882 12
6626 34082 16292 130 65860 54090 34255 83698 78934 7897 48828 24478
3428 20
44929 61709 63123 97430 28439 51354 47401 87468 53296 25787 49856 94797 49358 71379 56796 612 69864 88298 36727 39161
3546 10
92353 46114 46370 46983 76616 83879 29226 84271 55536 55898
3938 12
38662 68684 70893 16110 59885 83826 75092 92820 12180 20791 43547 37595
3953 18
66720 5704 78057 64680 8169 80813 51407 64015 95826 11603 32155 95955 38261 28280 19290 88667 15550 54495
4059 10
12229 62569 36425 19054 23918 95569 50230 88056 86716 3166
4193 12
51587 16068 82470 58278 97482 52011 99564 29869 34675 8596 49397 24403
4330 11
87042 71274 96715 97836 96206 6287 72368 52496 60050 2290 80442
4460 17
51201 56836 12804 54694 36327 43208 21702 69675 35789 25169 82131 76084 96436 95798 98425 42973 8319
4705 17
33664 26982 29112 46654 27498 19051 28939 58350 92431 51664 37941 24661 71928 15961 9691 66365 95102
4758 19
74497 2051 24709 94218 54287 92408 47525 99010 71749 4552 41803 91216 26076 61417 63986 33654 23928 84347 2686
4871 19
83073 18945 17164 42134 11543 920 10014 58146 29616 66996 50357 79041 98377 12492 55914 2030 68337 17652 72701
5134 15
77120 41345 41570 97031 93992 6727 98153 62796 97582 79664 10421 91032 68890 73307 78271
5523 19
67081 82572 37009 18711 64293 95018 89131 20012 33580 65454 74547 31675 80571 44354 40020 36834 31078 48363 17531
5724 19
24578 16663 21401 93722 9003 12844 43701 63547 13122 19536 8025 83428 89956 53478 4331 91251 3319 64761 72830
5804 17
68128 90819 8102 99751 8105 22763 41712 62289 91571 4467 94485 51893 34521 62136 48473 30618 5917
6129 12
21030 43174 88971 76567 85677 65399 14224 60913 10774 18743 95606 92605
6241 18
21600 12416 54471 88617 86442 61451 98014 40462 66575 42960 66639 48146 36531 31889 25240 13562 74814 40351
6550 19
11530 93066 16395 80912 7958 65313 33058 57527 85050 97857 10051 57286 12759 31067 49892 97138 35700 94970 63103
6754 12
60674 57188 69574 47046 38055 48874 64971 16462 54195 9716 6136 73946
6897 19
87937 28038 14860 48793 43423 71074 6564 95402 37550 54084 56907 14925 73295 75602 16476 3932 83304 10856 54263
7281 18
39968 3009 33026 12771 92440 27077 26693 4425 8971 15340 53518 88047 35664 74003 20628 64213 87511 83800
7305 11
80227 17735 16103 71052 569 23444 89141 31000 27769 41276 95997
7327 17
85856 5377 89861 10089 97546 72011 2444 7209 56397 66385 50738 23059 91892 80916 62968 69788 91198
7368 10
15296 18208 67270 14375 91433 56298 83691 10925 11093 40763
7491 18
43424 48935 24104 60681 70505 29611 25513 39338 6316 67568 75423 89044 14389 32661 69142 21049 8221 39743
7791 18
75810 87331 35109 23942 49959 27113 81321 48237 26638 84014 81874 41427 54133 87958 91641 32187 93181 83007
7819 20
39170 89224 37514 53006 71839 88097 21414 58796 47416 58040 60221 32704 20549 86604 45905 1367 86747 85469 42215 8183
7989 15
34694 80808 46347 22925 12877 6800 95793 39418 92114 33147 4181 25304 46874 31099 86559
8149 10
39297 88199 71560 42728 79950 46288 11281 87508 59349 16863
8279 11
24737 82502 32039 63624 11213 79437 98543 73237 63029 43322 96414
8384 20
67329 24067 76168 89482 34713 37923 79781 45614 81966 27699 69826 84933 54344 84313 67804 15212 90223 71023 4986 29310
8490 14
70466 82276 72199 52199 1738 6575 11887 75442 50163 6067 5462 48919 74268 12447
8530 20
2304 5892 42760 99723 26138 82458 27044 87719 22968 16064 53582 59089 96213 81373 98024 11503 32631 19448 20859 88957
8617 14
70208 58113 27070 27336 65001 89450 24555 62826 12078 96366 73616 53656 80572 56222
8691 20
18437 15371 55052 78477 11153 87419 59290 55714 80049 85175 20152 50247 33992 46058 35565 1012 15480 29434 78715 48126
8696 20
82577 24855 38304 35619 3876 78115 94634 82092 45104 17085 77630 89554 5076 87902 44776 2284 66416 42488 86267 65791
8728 18
71936 50050 35203 74978 18116 74374 81479 72584 35881 73194 15654 33260 32405 87702 10134 65433 69082 56671
8738 17
2052 33701 20614 34438 88550 42857 485 36519 69069 41936 89237 10840 1081 92795 46844 68221 47390
8758 16
17985 57507 18403 5445 24925 60299 36492 74958 45583 51760 95727 66675 68057 88026 49244 13373
8791 19
91907 67079 27407 68515 86695 95022 73654 32205 10195 58323 77912 5851 7772 7524 70762 40812 89708 99958 55805
8917 14
3456 10177 60134 61097 39083 6604 40941 65614 32911 14901 38007 18745 22365 42526
9092 14
14305 39395 61446 4727 33002 14736 70866 56179 59636 83350 52279 27133 43902 50047
9128 17
20291 90595 22056 6763 14032 59735 77778 41170 48531 56152 88368 6199 26264 43449 66290 76763 76510
9255 14
33025 40739 17705 12490 54473 10121 29485 82545 1875 19731 80757 14871 87929 69499
9447 20
14339 38150 70663 410 673 61857 38320 34612 76725 98621 83518 38593 63821 89681 38493 76262 90735 33653 42871 20351
9566 10
60741 76358 44518 3302 41865 85657 57624 65721 48216 52477
9772 17
70656 34725 52743 39849 20394 95372 90925 63725 10639 77264 10161 45682 18994 71956 1331 12919 41179
9829 19
32779 77453 21391 3990 97558 67231 86822 88487 20136 83501 1070 51779 11205 70861 47315 75869 56041 47730 64120
9918 10
47523 27484 83949 49584 31825 79933 14457 71772 61821 63551
9927 12
62049 62499 15046 75180 6861 30544 79254 87095 79480 25242 74206 6495
